<?xml version="1.0" encoding="UTF-8"?>
<testsuite name="com.udeajobs.profile.profile_service.ProfileServiceApplicationTests" tests="1" skipped="0" failures="0" errors="0" timestamp="2025-10-09T23:27:03.200Z" hostname="argemm-System-Product-Name" time="0.488">
  <properties/>
  <testcase name="contextLoads()" classname="com.udeajobs.profile.profile_service.ProfileServiceApplicationTests" time="0.488"/>
  <system-out><![CDATA[18:27:00.744 [Test worker] INFO org.springframework.test.context.support.AnnotationConfigContextLoaderUtils -- Could not detect default configuration classes for test class [com.udeajobs.profile.profile_service.ProfileServiceApplicationTests]: ProfileServiceApplicationTests does not declare any static, non-private, non-final, nested classes annotated with @Configuration.
18:27:00.821 [Test worker] INFO org.springframework.boot.test.context.SpringBootTestContextBootstrapper -- Found @SpringBootConfiguration com.udeajobs.profile.profile_service.ProfileServiceApplication for test class com.udeajobs.profile.profile_service.ProfileServiceApplicationTests

  .   ____          _            __ _ _
 /\\ / ___'_ __ _ _(_)_ __  __ _ \ \ \ \
( ( )\___ | '_ | '_| | '_ \/ _` | \ \ \ \
 \\/  ___)| |_)| | | | | || (_| |  ) ) ) )
  '  |____| .__|_| |_|_| |_\__, | / / / /
 =========|_|==============|___/=/_/_/_/

 :: Spring Boot ::                (v3.5.6)

2025-10-09 18:27:01 - Starting ProfileServiceApplicationTests using Java 21.0.7 with PID 104317 (started by argemm in /home/argemm/Documents/Projects/full-stack/UdeAJobs/backend/profile-cell/profile-service)
2025-10-09 18:27:01 - Running with Spring Boot v3.5.6, Spring v6.2.11
2025-10-09 18:27:01 - The following 1 profile is active: "dev"
2025-10-09 18:27:01 - Bootstrapping Spring Data MongoDB repositories in DEFAULT mode.
2025-10-09 18:27:01 - Finished Spring Data repository scanning in 19 ms. Found 1 MongoDB repository interface.
2025-10-09 18:27:02 - MongoClient with metadata {"driver": {"name": "mongo-java-driver|sync|spring-boot", "version": "5.5.1"}, "os": {"type": "Linux", "name": "Linux", "architecture": "amd64", "version": "6.14.0-33-generic"}, "platform": "Java/Microsoft/21.0.7+6-LTS"} created with settings MongoClientSettings{readPreference=primary, writeConcern=WriteConcern{w=null, wTimeout=null ms, journal=null}, retryWrites=true, retryReads=true, readConcern=ReadConcern{level=null}, credential=null, transportSettings=null, commandListeners=[io.micrometer.core.instrument.binder.mongodb.MongoMetricsCommandListener@729cd862], codecRegistry=ProvidersCodecRegistry{codecProviders=[ValueCodecProvider{}, BsonValueCodecProvider{}, DBRefCodecProvider{}, DBObjectCodecProvider{}, DocumentCodecProvider{}, CollectionCodecProvider{}, IterableCodecProvider{}, MapCodecProvider{}, GeoJsonCodecProvider{}, GridFSFileCodecProvider{}, Jsr310CodecProvider{}, JsonObjectCodecProvider{}, BsonCodecProvider{}, EnumCodecProvider{}, com.mongodb.client.model.mql.ExpressionCodecProvider@23b71d24, com.mongodb.Jep395RecordCodecProvider@568f4faa, com.mongodb.KotlinCodecProvider@4c56644f]}, loggerSettings=LoggerSettings{maxDocumentLength=1000}, clusterSettings={hosts=[localhost:27017], srvServiceName=mongodb, mode=SINGLE, requiredClusterType=UNKNOWN, requiredReplicaSetName='null', serverSelector='null', clusterListeners='[]', serverSelectionTimeout='30000 ms', localThreshold='15 ms'}, socketSettings=SocketSettings{connectTimeoutMS=10000, readTimeoutMS=0, receiveBufferSize=0, proxySettings=ProxySettings{host=null, port=null, username=null, password=null}}, heartbeatSocketSettings=SocketSettings{connectTimeoutMS=10000, readTimeoutMS=10000, receiveBufferSize=0, proxySettings=ProxySettings{host=null, port=null, username=null, password=null}}, connectionPoolSettings=ConnectionPoolSettings{maxSize=100, minSize=0, maxWaitTimeMS=120000, maxConnectionLifeTimeMS=0, maxConnectionIdleTimeMS=0, maintenanceInitialDelayMS=0, maintenanceFrequencyMS=60000, connectionPoolListeners=[io.micrometer.core.instrument.binder.mongodb.MongoMetricsConnectionPoolListener@589dfa6f], maxConnecting=2}, serverSettings=ServerSettings{heartbeatFrequencyMS=10000, minHeartbeatFrequencyMS=500, serverMonitoringMode=AUTO, serverListeners='[]', serverMonitorListeners='[]'}, sslSettings=SslSettings{enabled=false, invalidHostNameAllowed=false, context=null}, applicationName='null', compressorList=[], uuidRepresentation=JAVA_LEGACY, serverApi=null, autoEncryptionSettings=null, dnsClient=null, inetAddressResolver=null, contextProvider=null, timeoutMS=null}
2025-10-09 18:27:02 - Monitor thread successfully connected to server with description ServerDescription{address=localhost:27017, type=STANDALONE, cryptd=false, state=CONNECTED, ok=true, minWireVersion=0, maxWireVersion=25, maxDocumentSize=16777216, logicalSessionTimeoutMinutes=30, roundTripTimeNanos=12001100, minRoundTripTimeNanos=0}
2025-10-09 18:27:02 - Exposing 1 endpoint beneath base path '/actuator'
2025-10-09 18:27:02 - Attempting to connect to: [localhost:5672]
2025-10-09 18:27:03 - Created new connection: rabbitConnectionFactory#71316cd7:0/SimpleConnection@1f4cb17b [delegate=amqp://guest@127.0.0.1:5672/, localPort=41724]
2025-10-09 18:27:03 - Started ProfileServiceApplicationTests in 2.163 seconds (process running for 2.891)
]]></system-out>
  <system-err><![CDATA[Mockito is currently self-attaching to enable the inline-mock-maker. This will no longer work in future releases of the JDK. Please add Mockito as an agent to your build as described in Mockito's documentation: https://javadoc.io/doc/org.mockito/mockito-core/latest/org.mockito/org/mockito/Mockito.html#0.3
WARNING: A Java agent has been loaded dynamically (/home/argemm/.gradle/caches/modules-2/files-2.1/net.bytebuddy/byte-buddy-agent/1.17.7/fbf3d6d649ed37fc9e9c59480a05be0a26e3c2da/byte-buddy-agent-1.17.7.jar)
WARNING: If a serviceability tool is in use, please run with -XX:+EnableDynamicAgentLoading to hide this warning
WARNING: If a serviceability tool is not in use, please run with -Djdk.instrument.traceUsage for more information
WARNING: Dynamic loading of agents will be disallowed by default in a future release
]]></system-err>
</testsuite>
